0 info it worked if it ends with ok
1 verbose cli [ 'C:\\Program Files\\nodejs\\node.exe',
1 verbose cli   'D:\\Users\\t_wilker\\AppData\\Roaming\\npm\\node_modules\\npm\\bin\\npm-cli.js',
1 verbose cli   'start' ]
2 info using npm@3.7.3
3 info using node@v4.4.2
4 verbose run-script [ 'prestart', 'start', 'poststart' ]
5 info lifecycle CSVmerger@1.0.0~prestart: CSVmerger@1.0.0
6 silly lifecycle CSVmerger@1.0.0~prestart: no script for prestart, continuing
7 info lifecycle CSVmerger@1.0.0~start: CSVmerger@1.0.0
8 verbose lifecycle CSVmerger@1.0.0~start: unsafe-perm in lifecycle true
9 verbose lifecycle CSVmerger@1.0.0~start: PATH: D:\Users\t_wilker\AppData\Roaming\npm\node_modules\npm\bin\node-gyp-bin;D:\Users\t_wilker\nodejsWs\eletronTest\node_modules\.bin;C:\Program Files\nodejs;C:\ProgramData\Oracle\Java\javapath;C:\Program Files (x86)\Intel\iCLS Client\;C:\Program Files\Intel\iCLS Client\;C:\Windows\system32;C:\Windows;C:\Windows\System32\Wbem;C:\Windows\System32\WindowsPowerShell\v1.0\;C:\Windows\SysWOW64\Empirum;C:\Program Files\Lenovo\Fingerprint Manager Pro\;C:\Program Files\Intel\Intel(R) Management Engine Components\DAL;C:\Program Files (x86)\Intel\Intel(R) Management Engine Components\DAL;C:\Program Files\Intel\Intel(R) Management Engine Components\IPT;C:\Program Files (x86)\Intel\Intel(R) Management Engine Components\IPT;C:\Program Files (x86)\scala\bin;C:\Program Files (x86)\sbt\\bin;C:\Program Files\nodejs\;C:\Program Files\Intel\WiFi\bin\;C:\Program Files\Common Files\Intel\WirelessCommon\;C:\Ruby23-x64\bin;C:\Program Files\Ruby23-x64\bin;C:\programme\Ruby23-x64\bin;C:\Program Files\Java\jdk1.8.0_45\bin;D:\Users\t_wilker\AppData\Local\Programs\Git\bin;C:\Program Files (x86)\Apache\apache-maven-3.3.3\bin;C:\Program Files\Graphviz2.38\bin;c:\program files\ffmpeg\bin;C:\Program Files (x86)\Nmap;D:\Users\t_wilker\AppData\Local\atom\bin;D:\Users\t_wilker\AppData\Local\Android\sdk\platform-tools;D:\Users\t_wilker\AppData\Local\.meteor\;C:\Program Files\Oracle\VirtualBox;D:\Users\t_wilker\AppData\Roaming\npm;C:\Program Files\Intel\WiFi\bin\;C:\Program Files\Common Files\Intel\WirelessCommon\
10 verbose lifecycle CSVmerger@1.0.0~start: CWD: D:\Users\t_wilker\nodejsWs\eletronTest
11 silly lifecycle CSVmerger@1.0.0~start: Args: [ '/d /s /c', 'electron .' ]
12 silly lifecycle CSVmerger@1.0.0~start: Returned: code: 3221226525  signal: null
13 info lifecycle CSVmerger@1.0.0~start: Failed to exec start script
14 verbose stack Error: CSVmerger@1.0.0 start: `electron .`
14 verbose stack Exit status 3221226525
14 verbose stack     at EventEmitter.<anonymous> (D:\Users\t_wilker\AppData\Roaming\npm\node_modules\npm\lib\utils\lifecycle.js:239:16)
14 verbose stack     at emitTwo (events.js:87:13)
14 verbose stack     at EventEmitter.emit (events.js:172:7)
14 verbose stack     at ChildProcess.<anonymous> (D:\Users\t_wilker\AppData\Roaming\npm\node_modules\npm\lib\utils\spawn.js:24:14)
14 verbose stack     at emitTwo (events.js:87:13)
14 verbose stack     at ChildProcess.emit (events.js:172:7)
14 verbose stack     at maybeClose (internal/child_process.js:827:16)
14 verbose stack     at Process.ChildProcess._handle.onexit (internal/child_process.js:211:5)
15 verbose pkgid CSVmerger@1.0.0
16 verbose cwd D:\Users\t_wilker\nodejsWs\eletronTest
17 error Windows_NT 6.1.7601
18 error argv "C:\\Program Files\\nodejs\\node.exe" "D:\\Users\\t_wilker\\AppData\\Roaming\\npm\\node_modules\\npm\\bin\\npm-cli.js" "start"
19 error node v4.4.2
20 error npm  v3.7.3
21 error code ELIFECYCLE
22 error CSVmerger@1.0.0 start: `electron .`
22 error Exit status 3221226525
23 error Failed at the CSVmerger@1.0.0 start script 'electron .'.
23 error Make sure you have the latest version of node.js and npm installed.
23 error If you do, this is most likely a problem with the CSVmerger package,
23 error not with npm itself.
23 error Tell the author that this fails on your system:
23 error     electron .
23 error You can get information on how to open an issue for this project with:
23 error     npm bugs CSVmerger
23 error Or if that isn't available, you can get their info via:
23 error     npm owner ls CSVmerger
23 error There is likely additional logging output above.
24 verbose exit [ 1, true ]
